# JRE version: OpenJDK Runtime Environment Temurin-21.0.9+10 (21.0.9+10) (build 21.0.9+10-LTS)
# Java VM: OpenJDK 64-Bit Server VM Temurin-21.0.9+10 (21.0.9+10-LTS, mixed mode, sharing, tiered, compressed oops, compressed class ptrs, parallel gc, windows-amd64)
GC Precious Log:
 CardTable entry size: 512
 CPUs: 8 total, 8 available
 Memory: 7930M
 Large Page Support: Disabled
 NUMA Support: Disabled
 Compressed Oops: Enabled (32-bit)
 Alignments: Space 512K, Generation 512K, Heap 2M
 Heap Min Capacity: 100M
 Heap Initial Capacity: 100M
 Heap Max Capacity: 2G
 Pre-touch: Disabled
 Parallel Workers: 8
Heap:
 PSYoungGen      total 8192K, used 4906K [0x00000000d5580000, 0x00000000d5e80000, 0x0000000100000000)
  eden space 7168K, 60% used [0x00000000d5580000,0x00000000d59babe8,0x00000000d5c80000)
  from space 1024K, 56% used [0x00000000d5d80000,0x00000000d5e10000,0x00000000d5e80000)
  to   space 1024K, 0% used [0x00000000d5c80000,0x00000000d5c80000,0x00000000d5d80000)
 ParOldGen       total 87552K, used 87256K [0x0000000080000000, 0x0000000085580000, 0x00000000d5580000)
  object space 87552K, 99% used [0x0000000080000000,0x00000000855363c0,0x0000000085580000)
 Metaspace       used 60637K, committed 62144K, reserved 1114112K
  class space    used 6457K, committed 7104K, reserved 1048576K
GC Heap History (20 events):
Event: 68.667 GC heap before
{Heap before GC invocations=134 (full 3):
 PSYoungGen      total 7680K, used 7644K [0x00000000d5580000, 0x00000000d5e80000, 0x0000000100000000)
  eden space 7168K, 100% used [0x00000000d5580000,0x00000000d5c80000,0x00000000d5c80000)
  from space 512K, 93% used [0x00000000d5e00000,0x00000000d5e770e8,0x00000000d5e80000)
  to   space 1024K, 0% used [0x00000000d5c80000,0x00000000d5c80000,0x00000000d5d80000)
 ParOldGen       total 83968K, used 83508K [0x0000000080000000, 0x0000000085200000, 0x00000000d5580000)
  object space 83968K, 99% used [0x0000000080000000,0x000000008518d350,0x0000000085200000)
 Metaspace       used 60254K, committed 61760K, reserved 1114112K
  class space    used 6417K, committed 7040K, reserved 1048576K
}
Event: 68.670 GC heap after
{Heap after GC invocations=134 (full 3):
 PSYoungGen      total 8192K, used 576K [0x00000000d5580000, 0x00000000d5e80000, 0x0000000100000000)
  eden space 7168K, 0% used [0x00000000d5580000,0x00000000d5580000,0x00000000d5c80000)
  from space 1024K, 56% used [0x00000000d5c80000,0x00000000d5d10000,0x00000000d5d80000)
  to   space 1024K, 0% used [0x00000000d5d80000,0x00000000d5d80000,0x00000000d5e80000)
 ParOldGen       total 83968K, used 83785K [0x0000000080000000, 0x0000000085200000, 0x00000000d5580000)
  object space 83968K, 99% used [0x0000000080000000,0x00000000851d2438,0x0000000085200000)
 Metaspace       used 60254K, committed 61760K, reserved 1114112K
  class space    used 6417K, committed 7040K, reserved 1048576K
}
Event: 68.825 GC heap before
{Heap before GC invocations=135 (full 3):
 PSYoungGen      total 8192K, used 7744K [0x00000000d5580000, 0x00000000d5e80000, 0x0000000100000000)
  eden space 7168K, 100% used [0x00000000d5580000,0x00000000d5c80000,0x00000000d5c80000)
  from space 1024K, 56% used [0x00000000d5c80000,0x00000000d5d10000,0x00000000d5d80000)
  to   space 1024K, 0% used [0x00000000d5d80000,0x00000000d5d80000,0x00000000d5e80000)
 ParOldGen       total 83968K, used 83785K [0x0000000080000000, 0x0000000085200000, 0x00000000d5580000)
  object space 83968K, 99% used [0x0000000080000000,0x00000000851d2438,0x0000000085200000)
 Metaspace       used 60257K, committed 61760K, reserved 1114112K
  class space    used 6417K, committed 7040K, reserved 1048576K
}
Event: 68.829 GC heap after
{Heap after GC invocations=135 (full 3):
 PSYoungGen      total 8192K, used 576K [0x00000000d5580000, 0x00000000d5e80000, 0x0000000100000000)
  eden space 7168K, 0% used [0x00000000d5580000,0x00000000d5580000,0x00000000d5c80000)
  from space 1024K, 56% used [0x00000000d5d80000,0x00000000d5e10000,0x00000000d5e80000)
  to   space 1024K, 0% used [0x00000000d5c80000,0x00000000d5c80000,0x00000000d5d80000)
 ParOldGen       total 84480K, used 84121K [0x0000000080000000, 0x0000000085280000, 0x00000000d5580000)
  object space 84480K, 99% used [0x0000000080000000,0x0000000085226438,0x0000000085280000)
 Metaspace       used 60257K, committed 61760K, reserved 1114112K
  class space    used 6417K, committed 7040K, reserved 1048576K
}
Event: 69.043 GC heap before
{Heap before GC invocations=136 (full 3):
 PSYoungGen      total 8192K, used 7744K [0x00000000d5580000, 0x00000000d5e80000, 0x0000000100000000)
  eden space 7168K, 100% used [0x00000000d5580000,0x00000000d5c80000,0x00000000d5c80000)
  from space 1024K, 56% used [0x00000000d5d80000,0x00000000d5e10000,0x00000000d5e80000)
  to   space 1024K, 0% used [0x00000000d5c80000,0x00000000d5c80000,0x00000000d5d80000)
 ParOldGen       total 84480K, used 84121K [0x0000000080000000, 0x0000000085280000, 0x00000000d5580000)
  object space 84480K, 99% used [0x0000000080000000,0x0000000085226438,0x0000000085280000)
 Metaspace       used 60286K, committed 61760K, reserved 1114112K
  class space    used 6417K, committed 7040K, reserved 1048576K
}
Event: 69.050 GC heap after
{Heap after GC invocations=136 (full 3):
 PSYoungGen      total 8192K, used 416K [0x00000000d5580000, 0x00000000d5e00000, 0x0000000100000000)
  eden space 7168K, 0% used [0x00000000d5580000,0x00000000d5580000,0x00000000d5c80000)
  from space 1024K, 40% used [0x00000000d5c80000,0x00000000d5ce8000,0x00000000d5d80000)
  to   space 512K, 0% used [0x00000000d5d80000,0x00000000d5d80000,0x00000000d5e00000)
 ParOldGen       total 84992K, used 84505K [0x0000000080000000, 0x0000000085300000, 0x00000000d5580000)
  object space 84992K, 99% used [0x0000000080000000,0x0000000085286438,0x0000000085300000)
 Metaspace       used 60286K, committed 61760K, reserved 1114112K
  class space    used 6417K, committed 7040K, reserved 1048576K
}
Event: 69.164 GC heap before
{Heap before GC invocations=137 (full 3):
 PSYoungGen      total 8192K, used 7584K [0x00000000d5580000, 0x00000000d5e00000, 0x0000000100000000)
  eden space 7168K, 100% used [0x00000000d5580000,0x00000000d5c80000,0x00000000d5c80000)
  from space 1024K, 40% used [0x00000000d5c80000,0x00000000d5ce8000,0x00000000d5d80000)
  to   space 512K, 0% used [0x00000000d5d80000,0x00000000d5d80000,0x00000000d5e00000)
 ParOldGen       total 84992K, used 84505K [0x0000000080000000, 0x0000000085300000, 0x00000000d5580000)
  object space 84992K, 99% used [0x0000000080000000,0x0000000085286438,0x0000000085300000)
 Metaspace       used 60307K, committed 61760K, reserved 1114112K
  class space    used 6417K, committed 7040K, reserved 1048576K
}
Event: 69.169 GC heap after
{Heap after GC invocations=137 (full 3):
 PSYoungGen      total 7680K, used 480K [0x00000000d5580000, 0x00000000d5e00000, 0x0000000100000000)
  eden space 7168K, 0% used [0x00000000d5580000,0x00000000d5580000,0x00000000d5c80000)
  from space 512K, 93% used [0x00000000d5d80000,0x00000000d5df8000,0x00000000d5e00000)
  to   space 512K, 0% used [0x00000000d5d00000,0x00000000d5d00000,0x00000000d5d80000)
 ParOldGen       total 84992K, used 84729K [0x0000000080000000, 0x0000000085300000, 0x00000000d5580000)
  object space 84992K, 99% used [0x0000000080000000,0x00000000852be438,0x0000000085300000)
 Metaspace       used 60307K, committed 61760K, reserved 1114112K
  class space    used 6417K, committed 7040K, reserved 1048576K
}
Event: 69.275 GC heap before
{Heap before GC invocations=138 (full 3):
 PSYoungGen      total 7680K, used 7647K [0x00000000d5580000, 0x00000000d5e00000, 0x0000000100000000)
  eden space 7168K, 99% used [0x00000000d5580000,0x00000000d5c7ffe0,0x00000000d5c80000)
  from space 512K, 93% used [0x00000000d5d80000,0x00000000d5df8000,0x00000000d5e00000)
  to   space 512K, 0% used [0x00000000d5d00000,0x00000000d5d00000,0x00000000d5d80000)
 ParOldGen       total 84992K, used 84729K [0x0000000080000000, 0x0000000085300000, 0x00000000d5580000)
  object space 84992K, 99% used [0x0000000080000000,0x00000000852be438,0x0000000085300000)
 Metaspace       used 60314K, committed 61760K, reserved 1114112K
  class space    used 6417K, committed 7040K, reserved 1048576K
}
Event: 69.280 GC heap after
{Heap after GC invocations=138 (full 3):
 PSYoungGen      total 7680K, used 482K [0x00000000d5580000, 0x00000000d5e80000, 0x0000000100000000)
  eden space 7168K, 0% used [0x00000000d5580000,0x00000000d5580000,0x00000000d5c80000)
  from space 512K, 94% used [0x00000000d5d00000,0x00000000d5d78800,0x00000000d5d80000)
  to   space 1024K, 0% used [0x00000000d5d80000,0x00000000d5d80000,0x00000000d5e80000)
 ParOldGen       total 85504K, used 85097K [0x0000000080000000, 0x0000000085380000, 0x00000000d5580000)
  object space 85504K, 99% used [0x0000000080000000,0x000000008531a448,0x0000000085380000)
 Metaspace       used 60314K, committed 61760K, reserved 1114112K
  class space    used 6417K, committed 7040K, reserved 1048576K
}
Event: 69.421 GC heap before
{Heap before GC invocations=139 (full 3):
 PSYoungGen      total 7680K, used 7650K [0x00000000d5580000, 0x00000000d5e80000, 0x0000000100000000)
  eden space 7168K, 100% used [0x00000000d5580000,0x00000000d5c80000,0x00000000d5c80000)
  from space 512K, 94% used [0x00000000d5d00000,0x00000000d5d78800,0x00000000d5d80000)
  to   space 1024K, 0% used [0x00000000d5d80000,0x00000000d5d80000,0x00000000d5e80000)
 ParOldGen       total 85504K, used 85097K [0x0000000080000000, 0x0000000085380000, 0x00000000d5580000)
  object space 85504K, 99% used [0x0000000080000000,0x000000008531a448,0x0000000085380000)
 Metaspace       used 60317K, committed 61760K, reserved 1114112K
  class space    used 6417K, committed 7040K, reserved 1048576K
}
Event: 69.425 GC heap after
{Heap after GC invocations=139 (full 3):
 PSYoungGen      total 8192K, used 512K [0x00000000d5580000, 0x00000000d5e80000, 0x0000000100000000)
  eden space 7168K, 0% used [0x00000000d5580000,0x00000000d5580000,0x00000000d5c80000)
  from space 1024K, 50% used [0x00000000d5d80000,0x00000000d5e00000,0x00000000d5e80000)
  to   space 1024K, 0% used [0x00000000d5c80000,0x00000000d5c80000,0x00000000d5d80000)
 ParOldGen       total 85504K, used 85443K [0x0000000080000000, 0x0000000085380000, 0x00000000d5580000)
  object space 85504K, 99% used [0x0000000080000000,0x0000000085370c48,0x0000000085380000)
 Metaspace       used 60317K, committed 61760K, reserved 1114112K
  class space    used 6417K, committed 7040K, reserved 1048576K
}
Event: 69.601 GC heap before
{Heap before GC invocations=140 (full 3):
 PSYoungGen      total 8192K, used 7680K [0x00000000d5580000, 0x00000000d5e80000, 0x0000000100000000)
  eden space 7168K, 100% used [0x00000000d5580000,0x00000000d5c80000,0x00000000d5c80000)
  from space 1024K, 50% used [0x00000000d5d80000,0x00000000d5e00000,0x00000000d5e80000)
  to   space 1024K, 0% used [0x00000000d5c80000,0x00000000d5c80000,0x00000000d5d80000)
 ParOldGen       total 85504K, used 85443K [0x0000000080000000, 0x0000000085380000, 0x00000000d5580000)
  object space 85504K, 99% used [0x0000000080000000,0x0000000085370c48,0x0000000085380000)
 Metaspace       used 60328K, committed 61824K, reserved 1114112K
  class space    used 6417K, committed 7040K, reserved 1048576K
}
Event: 69.605 GC heap after
{Heap after GC invocations=140 (full 3):
 PSYoungGen      total 8192K, used 480K [0x00000000d5580000, 0x00000000d5e80000, 0x0000000100000000)
  eden space 7168K, 0% used [0x00000000d5580000,0x00000000d5580000,0x00000000d5c80000)
  from space 1024K, 46% used [0x00000000d5c80000,0x00000000d5cf8000,0x00000000d5d80000)
  to   space 1024K, 0% used [0x00000000d5d80000,0x00000000d5d80000,0x00000000d5e80000)
 ParOldGen       total 86016K, used 85707K [0x0000000080000000, 0x0000000085400000, 0x00000000d5580000)
  object space 86016K, 99% used [0x0000000080000000,0x00000000853b2c68,0x0000000085400000)
 Metaspace       used 60328K, committed 61824K, reserved 1114112K
  class space    used 6417K, committed 7040K, reserved 1048576K
}
Event: 69.906 GC heap before
{Heap before GC invocations=141 (full 3):
 PSYoungGen      total 8192K, used 7648K [0x00000000d5580000, 0x00000000d5e80000, 0x0000000100000000)
  eden space 7168K, 100% used [0x00000000d5580000,0x00000000d5c80000,0x00000000d5c80000)
  from space 1024K, 46% used [0x00000000d5c80000,0x00000000d5cf8000,0x00000000d5d80000)
  to   space 1024K, 0% used [0x00000000d5d80000,0x00000000d5d80000,0x00000000d5e80000)
 ParOldGen       total 86016K, used 85707K [0x0000000080000000, 0x0000000085400000, 0x00000000d5580000)
  object space 86016K, 99% used [0x0000000080000000,0x00000000853b2c68,0x0000000085400000)
 Metaspace       used 60347K, committed 61824K, reserved 1114112K
  class space    used 6417K, committed 7040K, reserved 1048576K
}
Event: 69.914 GC heap after
{Heap after GC invocations=141 (full 3):
 PSYoungGen      total 8192K, used 928K [0x00000000d5580000, 0x00000000d5e80000, 0x0000000100000000)
  eden space 7168K, 0% used [0x00000000d5580000,0x00000000d5580000,0x00000000d5c80000)
  from space 1024K, 90% used [0x00000000d5d80000,0x00000000d5e68000,0x00000000d5e80000)
  to   space 1024K, 0% used [0x00000000d5c80000,0x00000000d5c80000,0x00000000d5d80000)
 ParOldGen       total 86016K, used 86010K [0x0000000080000000, 0x0000000085400000, 0x00000000d5580000)
  object space 86016K, 99% used [0x0000000080000000,0x00000000853fea00,0x0000000085400000)
 Metaspace       used 60347K, committed 61824K, reserved 1114112K
  class space    used 6417K, committed 7040K, reserved 1048576K
}
Event: 70.284 GC heap before
{Heap before GC invocations=142 (full 3):
 PSYoungGen      total 8192K, used 8096K [0x00000000d5580000, 0x00000000d5e80000, 0x0000000100000000)
  eden space 7168K, 100% used [0x00000000d5580000,0x00000000d5c80000,0x00000000d5c80000)
  from space 1024K, 90% used [0x00000000d5d80000,0x00000000d5e68000,0x00000000d5e80000)
  to   space 1024K, 0% used [0x00000000d5c80000,0x00000000d5c80000,0x00000000d5d80000)
 ParOldGen       total 86016K, used 86010K [0x0000000080000000, 0x0000000085400000, 0x00000000d5580000)
  object space 86016K, 99% used [0x0000000080000000,0x00000000853fea00,0x0000000085400000)
 Metaspace       used 60400K, committed 61824K, reserved 1114112K
  class space    used 6423K, committed 7040K, reserved 1048576K
}
Event: 70.296 GC heap after
{Heap after GC invocations=142 (full 3):
 PSYoungGen      total 8192K, used 935K [0x00000000d5580000, 0x00000000d5e80000, 0x0000000100000000)
  eden space 7168K, 0% used [0x00000000d5580000,0x00000000d5580000,0x00000000d5c80000)
  from space 1024K, 91% used [0x00000000d5c80000,0x00000000d5d69e98,0x00000000d5d80000)
  to   space 1024K, 0% used [0x00000000d5d80000,0x00000000d5d80000,0x00000000d5e80000)
 ParOldGen       total 87040K, used 86730K [0x0000000080000000, 0x0000000085500000, 0x00000000d5580000)
  object space 87040K, 99% used [0x0000000080000000,0x00000000854b2a00,0x0000000085500000)
 Metaspace       used 60400K, committed 61824K, reserved 1114112K
  class space    used 6423K, committed 7040K, reserved 1048576K
}
Event: 71.543 GC heap before
{Heap before GC invocations=143 (full 3):
 PSYoungGen      total 8192K, used 8103K [0x00000000d5580000, 0x00000000d5e80000, 0x0000000100000000)
  eden space 7168K, 100% used [0x00000000d5580000,0x00000000d5c80000,0x00000000d5c80000)
  from space 1024K, 91% used [0x00000000d5c80000,0x00000000d5d69e98,0x00000000d5d80000)
  to   space 1024K, 0% used [0x00000000d5d80000,0x00000000d5d80000,0x00000000d5e80000)
 ParOldGen       total 87040K, used 86730K [0x0000000080000000, 0x0000000085500000, 0x00000000d5580000)
  object space 87040K, 99% used [0x0000000080000000,0x00000000854b2a00,0x0000000085500000)
 Metaspace       used 60570K, committed 62016K, reserved 1114112K
  class space    used 6449K, committed 7104K, reserved 1048576K
}
Event: 71.549 GC heap after
{Heap after GC invocations=143 (full 3):
 PSYoungGen      total 8192K, used 576K [0x00000000d5580000, 0x00000000d5e80000, 0x0000000100000000)
  eden space 7168K, 0% used [0x00000000d5580000,0x00000000d5580000,0x00000000d5c80000)
  from space 1024K, 56% used [0x00000000d5d80000,0x00000000d5e10000,0x00000000d5e80000)
  to   space 1024K, 0% used [0x00000000d5c80000,0x00000000d5c80000,0x00000000d5d80000)
 ParOldGen       total 87552K, used 87256K [0x0000000080000000, 0x0000000085580000, 0x00000000d5580000)
  object space 87552K, 99% used [0x0000000080000000,0x00000000855363c0,0x0000000085580000)
 Metaspace       used 60570K, committed 62016K, reserved 1114112K
  class space    used 6449K, committed 7104K, reserved 1048576K
}

