# JRE version: OpenJDK Runtime Environment Microsoft-11926163 (17.0.16+8) (build 17.0.16+8-LTS)
# Java VM: OpenJDK 64-Bit Server VM Microsoft-11926163 (17.0.16+8-LTS, mixed mode, emulated-client, sharing, tiered, compressed oops, compressed class ptrs, g1 gc, windows-amd64)
GC Precious Log:
 CPUs: 8 total, 8 available
 Memory: 7930M
 Large Page Support: Disabled
 NUMA Support: Disabled
 Compressed Oops: Enabled (32-bit)
 Heap Region Size: 1M
 Heap Min Capacity: 8M
 Heap Initial Capacity: 124M
 Heap Max Capacity: 1984M
 Pre-touch: Disabled
 Parallel Workers: 8
 Concurrent Workers: 2
 Concurrent Refinement Workers: 8
 Periodic GC: Disabled
Heap:
 garbage-first heap   total 147456K, used 78610K [0x0000000084000000, 0x0000000100000000)
  region size 1024K, 31 young (31744K), 5 survivors (5120K)
 Metaspace       used 111346K, committed 112128K, reserved 1179648K
  class space    used 15961K, committed 16320K, reserved 1048576K
GC Heap History (20 events):
Event: 626.355 GC heap after
{Heap after GC invocations=61 (full 2):
 garbage-first heap   total 107520K, used 41434K [0x0000000084000000, 0x0000000100000000)
  region size 1024K, 0 young (0K), 0 survivors (0K)
 Metaspace       used 106927K, committed 107712K, reserved 1179648K
  class space    used 15564K, committed 15936K, reserved 1048576K
}
Event: 630.596 GC heap before
{Heap before GC invocations=61 (full 2):
 garbage-first heap   total 107520K, used 83418K [0x0000000084000000, 0x0000000100000000)
  region size 1024K, 41 young (41984K), 0 survivors (0K)
 Metaspace       used 107226K, committed 107904K, reserved 1179648K
  class space    used 15597K, committed 15936K, reserved 1048576K
}
Event: 630.602 GC heap after
{Heap after GC invocations=62 (full 2):
 garbage-first heap   total 107520K, used 45116K [0x0000000084000000, 0x0000000100000000)
  region size 1024K, 4 young (4096K), 4 survivors (4096K)
 Metaspace       used 107226K, committed 107904K, reserved 1179648K
  class space    used 15597K, committed 15936K, reserved 1048576K
}
Event: 631.578 GC heap before
{Heap before GC invocations=63 (full 2):
 garbage-first heap   total 107520K, used 83004K [0x0000000084000000, 0x0000000100000000)
  region size 1024K, 41 young (41984K), 4 survivors (4096K)
 Metaspace       used 107386K, committed 108096K, reserved 1179648K
  class space    used 15622K, committed 15936K, reserved 1048576K
}
Event: 631.588 GC heap after
{Heap after GC invocations=64 (full 2):
 garbage-first heap   total 147456K, used 47762K [0x0000000084000000, 0x0000000100000000)
  region size 1024K, 3 young (3072K), 3 survivors (3072K)
 Metaspace       used 107386K, committed 108096K, reserved 1179648K
  class space    used 15622K, committed 15936K, reserved 1048576K
}
Event: 633.283 GC heap before
{Heap before GC invocations=64 (full 2):
 garbage-first heap   total 147456K, used 114322K [0x0000000084000000, 0x0000000100000000)
  region size 1024K, 68 young (69632K), 3 survivors (3072K)
 Metaspace       used 108499K, committed 109248K, reserved 1179648K
  class space    used 15714K, committed 16064K, reserved 1048576K
}
Event: 633.293 GC heap after
{Heap after GC invocations=65 (full 2):
 garbage-first heap   total 147456K, used 51805K [0x0000000084000000, 0x0000000100000000)
  region size 1024K, 7 young (7168K), 7 survivors (7168K)
 Metaspace       used 108499K, committed 109248K, reserved 1179648K
  class space    used 15714K, committed 16064K, reserved 1048576K
}
Event: 648.488 GC heap before
{Heap before GC invocations=66 (full 2):
 garbage-first heap   total 147456K, used 71261K [0x0000000084000000, 0x0000000100000000)
  region size 1024K, 27 young (27648K), 7 survivors (7168K)
 Metaspace       used 108502K, committed 109248K, reserved 1179648K
  class space    used 15714K, committed 16064K, reserved 1048576K
}
Event: 648.677 GC heap after
{Heap after GC invocations=67 (full 3):
 garbage-first heap   total 147456K, used 42378K [0x0000000084000000, 0x0000000100000000)
  region size 1024K, 0 young (0K), 0 survivors (0K)
 Metaspace       used 108464K, committed 109248K, reserved 1179648K
  class space    used 15708K, committed 16064K, reserved 1048576K
}
Event: 658.994 GC heap before
{Heap before GC invocations=67 (full 3):
 garbage-first heap   total 147456K, used 114058K [0x0000000084000000, 0x0000000100000000)
  region size 1024K, 70 young (71680K), 0 survivors (0K)
 Metaspace       used 108830K, committed 109504K, reserved 1179648K
  class space    used 15745K, committed 16064K, reserved 1048576K
}
Event: 659.007 GC heap after
{Heap after GC invocations=68 (full 3):
 garbage-first heap   total 147456K, used 48375K [0x0000000084000000, 0x0000000100000000)
  region size 1024K, 6 young (6144K), 6 survivors (6144K)
 Metaspace       used 108830K, committed 109504K, reserved 1179648K
  class space    used 15745K, committed 16064K, reserved 1048576K
}
Event: 662.037 GC heap before
{Heap before GC invocations=69 (full 3):
 garbage-first heap   total 147456K, used 113911K [0x0000000084000000, 0x0000000100000000)
  region size 1024K, 71 young (72704K), 6 survivors (6144K)
 Metaspace       used 109895K, committed 110656K, reserved 1179648K
  class space    used 15832K, committed 16192K, reserved 1048576K
}
Event: 662.074 GC heap after
{Heap after GC invocations=70 (full 3):
 garbage-first heap   total 147456K, used 52346K [0x0000000084000000, 0x0000000100000000)
  region size 1024K, 5 young (5120K), 5 survivors (5120K)
 Metaspace       used 109895K, committed 110656K, reserved 1179648K
  class space    used 15832K, committed 16192K, reserved 1048576K
}
Event: 665.195 GC heap before
{Heap before GC invocations=70 (full 3):
 garbage-first heap   total 147456K, used 76922K [0x0000000084000000, 0x0000000100000000)
  region size 1024K, 30 young (30720K), 5 survivors (5120K)
 Metaspace       used 109910K, committed 110656K, reserved 1179648K
  class space    used 15835K, committed 16192K, reserved 1048576K
}
Event: 665.379 GC heap after
{Heap after GC invocations=71 (full 4):
 garbage-first heap   total 147456K, used 43105K [0x0000000084000000, 0x0000000100000000)
  region size 1024K, 0 young (0K), 0 survivors (0K)
 Metaspace       used 109875K, committed 110656K, reserved 1179648K
  class space    used 15829K, committed 16192K, reserved 1048576K
}
Event: 684.753 GC heap before
{Heap before GC invocations=71 (full 4):
 garbage-first heap   total 147456K, used 114785K [0x0000000084000000, 0x0000000100000000)
  region size 1024K, 70 young (71680K), 0 survivors (0K)
 Metaspace       used 110267K, committed 110976K, reserved 1179648K
  class space    used 15871K, committed 16192K, reserved 1048576K
}
Event: 684.782 GC heap after
{Heap after GC invocations=72 (full 4):
 garbage-first heap   total 147456K, used 49045K [0x0000000084000000, 0x0000000100000000)
  region size 1024K, 6 young (6144K), 6 survivors (6144K)
 Metaspace       used 110267K, committed 110976K, reserved 1179648K
  class space    used 15871K, committed 16192K, reserved 1048576K
}
Event: 690.507 GC heap before
{Heap before GC invocations=73 (full 4):
 garbage-first heap   total 147456K, used 115605K [0x0000000084000000, 0x0000000100000000)
  region size 1024K, 71 young (72704K), 6 survivors (6144K)
 Metaspace       used 111331K, committed 112064K, reserved 1179648K
  class space    used 15957K, committed 16320K, reserved 1048576K
}
Event: 690.529 GC heap after
{Heap after GC invocations=74 (full 4):
 garbage-first heap   total 147456K, used 53010K [0x0000000084000000, 0x0000000100000000)
  region size 1024K, 5 young (5120K), 5 survivors (5120K)
 Metaspace       used 111331K, committed 112064K, reserved 1179648K
  class space    used 15957K, committed 16320K, reserved 1048576K
}
Event: 695.185 GC heap before
{Heap before GC invocations=74 (full 4):
 garbage-first heap   total 147456K, used 78610K [0x0000000084000000, 0x0000000100000000)
  region size 1024K, 31 young (31744K), 5 survivors (5120K)
 Metaspace       used 111346K, committed 112128K, reserved 1179648K
  class space    used 15961K, committed 16320K, reserved 1048576K
}

